#! /c/Source/iverilog-install/bin/vvp
:ivl_version "12.0 (devel)" "(s20150603-1110-g18392a46)";
:ivl_delay_selection "TYPICAL";
:vpi_time_precision - 12;
:vpi_module "C:\iverilog\lib\ivl\system.vpi";
:vpi_module "C:\iverilog\lib\ivl\vhdl_sys.vpi";
:vpi_module "C:\iverilog\lib\ivl\vhdl_textio.vpi";
:vpi_module "C:\iverilog\lib\ivl\v2005_math.vpi";
:vpi_module "C:\iverilog\lib\ivl\va_math.vpi";
S_00000216d3919f60 .scope module, "t" "t" 2 3;
 .timescale -9 -12;
v00000216d391d520_0 .var "a", 0 0;
v00000216d391d5c0_0 .var "b", 0 0;
v00000216d391d660_0 .net "c", 0 0, L_00000216d3916910;  1 drivers
S_00000216d391d2f0 .scope module, "x1" "x" 2 7, 3 3 0, S_00000216d3919f60;
 .timescale -9 -12;
    .port_info 0 /INPUT 1 "a";
    .port_info 1 /INPUT 1 "b";
    .port_info 2 /OUTPUT 1 "c";
L_00000216d3916910 .functor XOR 1, v00000216d391d520_0, v00000216d391d5c0_0, C4<0>, C4<0>;
v00000216d3916b10_0 .net "a", 0 0, v00000216d391d520_0;  1 drivers
v00000216d3916870_0 .net "b", 0 0, v00000216d391d5c0_0;  1 drivers
v00000216d391d480_0 .net "c", 0 0, L_00000216d3916910;  alias, 1 drivers
    .scope S_00000216d3919f60;
T_0 ;
    %pushi/vec4 0, 0, 1;
    %store/vec4 v00000216d391d520_0, 0, 1;
    %pushi/vec4 0, 0, 1;
    %store/vec4 v00000216d391d5c0_0, 0, 1;
    %delay 5000, 0;
    %pushi/vec4 0, 0, 1;
    %store/vec4 v00000216d391d520_0, 0, 1;
    %pushi/vec4 1, 0, 1;
    %store/vec4 v00000216d391d5c0_0, 0, 1;
    %delay 5000, 0;
    %pushi/vec4 1, 0, 1;
    %store/vec4 v00000216d391d520_0, 0, 1;
    %pushi/vec4 0, 0, 1;
    %store/vec4 v00000216d391d5c0_0, 0, 1;
    %delay 5000, 0;
    %pushi/vec4 1, 0, 1;
    %store/vec4 v00000216d391d520_0, 0, 1;
    %pushi/vec4 1, 0, 1;
    %store/vec4 v00000216d391d5c0_0, 0, 1;
    %delay 5000, 0;
    %pushi/vec4 0, 0, 1;
    %store/vec4 v00000216d391d520_0, 0, 1;
    %pushi/vec4 0, 0, 1;
    %store/vec4 v00000216d391d5c0_0, 0, 1;
    %end;
    .thread T_0;
    .scope S_00000216d3919f60;
T_1 ;
    %vpi_call 2 26 "$monitor", "a:%d b:%d c:%d", v00000216d391d520_0, v00000216d391d5c0_0, v00000216d391d660_0 {0 0 0};
    %vpi_call 2 27 "$dumpfile", "test.vcd" {0 0 0};
    %vpi_call 2 28 "$dumpvars", 32'sb00000000000000000000000000000000, v00000216d391d520_0 {0 0 0};
    %vpi_call 2 29 "$dumpvars", 32'sb00000000000000000000000000000000, v00000216d391d5c0_0 {0 0 0};
    %vpi_call 2 30 "$dumpvars", 32'sb00000000000000000000000000000000, v00000216d391d660_0 {0 0 0};
    %end;
    .thread T_1;
# The file index is used to find the file name in the following table.
:file_names 4;
    "N/A";
    "<interactive>";
    "test_tb.v";
    "test.v";
