#! /c/Source/iverilog-install/bin/vvp
:ivl_version "12.0 (devel)" "(s20150603-1110-g18392a46)";
:ivl_delay_selection "TYPICAL";
:vpi_time_precision - 12;
:vpi_module "C:\iverilog\lib\ivl\system.vpi";
:vpi_module "C:\iverilog\lib\ivl\vhdl_sys.vpi";
:vpi_module "C:\iverilog\lib\ivl\vhdl_textio.vpi";
:vpi_module "C:\iverilog\lib\ivl\v2005_math.vpi";
:vpi_module "C:\iverilog\lib\ivl\va_math.vpi";
S_000001b9b464e7f0 .scope module, "test" "test" 2 3;
 .timescale -9 -12;
v000001b9b46a5680_0 .var "in", 7 0;
v000001b9b46a5a40_0 .net "out", 1 0, L_000001b9b46a6a80;  1 drivers
S_000001b9b464e980 .scope module, "mul3" "Mul3Byte" 2 7, 3 21 0, S_000001b9b464e7f0;
 .timescale -9 -12;
    .port_info 0 /INPUT 8 "in";
    .port_info 1 /OUTPUT 2 "remain";
v000001b9b46a6940_0 .net "in", 7 0, v000001b9b46a5680_0;  1 drivers
v000001b9b46a6120_0 .net "rem", 15 0, L_000001b9b46a5fe0;  1 drivers
v000001b9b46a61c0_0 .net "remain", 1 0, L_000001b9b46a6a80;  alias, 1 drivers
L_000001b9b46a5220 .part v000001b9b46a5680_0, 0, 1;
L_000001b9b46a5cc0 .part L_000001b9b46a5fe0, 2, 2;
L_000001b9b46a6e40 .part v000001b9b46a5680_0, 1, 1;
L_000001b9b46a6800 .part L_000001b9b46a5fe0, 4, 2;
L_000001b9b46a5040 .part v000001b9b46a5680_0, 2, 1;
L_000001b9b46a5180 .part L_000001b9b46a5fe0, 6, 2;
L_000001b9b46a5ae0 .part v000001b9b46a5680_0, 3, 1;
L_000001b9b46a5b80 .part L_000001b9b46a5fe0, 8, 2;
L_000001b9b46a69e0 .part v000001b9b46a5680_0, 4, 1;
L_000001b9b46a6440 .part L_000001b9b46a5fe0, 10, 2;
L_000001b9b46a5d60 .part v000001b9b46a5680_0, 5, 1;
L_000001b9b46a64e0 .part L_000001b9b46a5fe0, 12, 2;
L_000001b9b46a52c0 .part v000001b9b46a5680_0, 6, 1;
L_000001b9b46a50e0 .part L_000001b9b46a5fe0, 14, 2;
L_000001b9b46a6260 .part v000001b9b46a5680_0, 7, 1;
LS_000001b9b46a5fe0_0_0 .concat8 [ 2 2 2 2], v000001b9b463ce90_0, v000001b9b46a5c20_0, v000001b9b46a5860_0, v000001b9b46a55e0_0;
LS_000001b9b46a5fe0_0_4 .concat8 [ 2 2 2 2], v000001b9b46a5900_0, v000001b9b46a5f40_0, v000001b9b46a66c0_0, v000001b9b46a6760_0;
L_000001b9b46a5fe0 .concat8 [ 8 8 0 0], LS_000001b9b46a5fe0_0_0, LS_000001b9b46a5fe0_0_4;
L_000001b9b46a6a80 .part L_000001b9b46a5fe0, 0, 2;
S_000001b9b45fdf60 .scope module, "b0" "Mul3Bit" 3 26, 3 6 0, S_000001b9b464e980;
 .timescale -9 -12;
    .port_info 0 /INPUT 1 "in";
    .port_info 1 /INPUT 2 "remain_in";
    .port_info 2 /OUTPUT 2 "remain_out";
v000001b9b463d390_0 .net "in", 0 0, L_000001b9b46a5220;  1 drivers
v000001b9b463db10_0 .net "remain_in", 1 0, L_000001b9b46a5cc0;  1 drivers
v000001b9b463ce90_0 .var "remain_out", 1 0;
E_000001b9b46418b0 .event anyedge, v000001b9b463db10_0, v000001b9b463d390_0;
S_000001b9b45fe0f0 .scope module, "b1" "Mul3Bit" 3 27, 3 6 0, S_000001b9b464e980;
 .timescale -9 -12;
    .port_info 0 /INPUT 1 "in";
    .port_info 1 /INPUT 2 "remain_in";
    .port_info 2 /OUTPUT 2 "remain_out";
v000001b9b463cfd0_0 .net "in", 0 0, L_000001b9b46a6e40;  1 drivers
v000001b9b463d070_0 .net "remain_in", 1 0, L_000001b9b46a6800;  1 drivers
v000001b9b46a5c20_0 .var "remain_out", 1 0;
E_000001b9b4640f30 .event anyedge, v000001b9b463d070_0, v000001b9b463cfd0_0;
S_000001b9b45fe280 .scope module, "b2" "Mul3Bit" 3 28, 3 6 0, S_000001b9b464e980;
 .timescale -9 -12;
    .port_info 0 /INPUT 1 "in";
    .port_info 1 /INPUT 2 "remain_in";
    .port_info 2 /OUTPUT 2 "remain_out";
v000001b9b46a57c0_0 .net "in", 0 0, L_000001b9b46a5040;  1 drivers
v000001b9b46a63a0_0 .net "remain_in", 1 0, L_000001b9b46a5180;  1 drivers
v000001b9b46a5860_0 .var "remain_out", 1 0;
E_000001b9b4641a30 .event anyedge, v000001b9b46a63a0_0, v000001b9b46a57c0_0;
S_000001b9b45f6600 .scope module, "b3" "Mul3Bit" 3 29, 3 6 0, S_000001b9b464e980;
 .timescale -9 -12;
    .port_info 0 /INPUT 1 "in";
    .port_info 1 /INPUT 2 "remain_in";
    .port_info 2 /OUTPUT 2 "remain_out";
v000001b9b46a68a0_0 .net "in", 0 0, L_000001b9b46a5ae0;  1 drivers
v000001b9b46a5ea0_0 .net "remain_in", 1 0, L_000001b9b46a5b80;  1 drivers
v000001b9b46a55e0_0 .var "remain_out", 1 0;
E_000001b9b46416f0 .event anyedge, v000001b9b46a5ea0_0, v000001b9b46a68a0_0;
S_000001b9b45f6790 .scope module, "b4" "Mul3Bit" 3 30, 3 6 0, S_000001b9b464e980;
 .timescale -9 -12;
    .port_info 0 /INPUT 1 "in";
    .port_info 1 /INPUT 2 "remain_in";
    .port_info 2 /OUTPUT 2 "remain_out";
v000001b9b46a5540_0 .net "in", 0 0, L_000001b9b46a69e0;  1 drivers
v000001b9b46a6d00_0 .net "remain_in", 1 0, L_000001b9b46a6440;  1 drivers
v000001b9b46a5900_0 .var "remain_out", 1 0;
E_000001b9b4641cf0 .event anyedge, v000001b9b46a6d00_0, v000001b9b46a5540_0;
S_000001b9b45f6920 .scope module, "b5" "Mul3Bit" 3 31, 3 6 0, S_000001b9b464e980;
 .timescale -9 -12;
    .port_info 0 /INPUT 1 "in";
    .port_info 1 /INPUT 2 "remain_in";
    .port_info 2 /OUTPUT 2 "remain_out";
v000001b9b46a6080_0 .net "in", 0 0, L_000001b9b46a5d60;  1 drivers
v000001b9b46a59a0_0 .net "remain_in", 1 0, L_000001b9b46a64e0;  1 drivers
v000001b9b46a5f40_0 .var "remain_out", 1 0;
E_000001b9b4641730 .event anyedge, v000001b9b46a59a0_0, v000001b9b46a6080_0;
S_000001b9b46a7000 .scope module, "b6" "Mul3Bit" 3 32, 3 6 0, S_000001b9b464e980;
 .timescale -9 -12;
    .port_info 0 /INPUT 1 "in";
    .port_info 1 /INPUT 2 "remain_in";
    .port_info 2 /OUTPUT 2 "remain_out";
v000001b9b46a6620_0 .net "in", 0 0, L_000001b9b46a52c0;  1 drivers
v000001b9b46a5720_0 .net "remain_in", 1 0, L_000001b9b46a50e0;  1 drivers
v000001b9b46a66c0_0 .var "remain_out", 1 0;
E_000001b9b4641770 .event anyedge, v000001b9b46a5720_0, v000001b9b46a6620_0;
S_000001b9b46a7190 .scope module, "b7" "Mul3Bit" 3 33, 3 6 0, S_000001b9b464e980;
 .timescale -9 -12;
    .port_info 0 /INPUT 1 "in";
    .port_info 1 /INPUT 2 "remain_in";
    .port_info 2 /OUTPUT 2 "remain_out";
v000001b9b46a6da0_0 .net "in", 0 0, L_000001b9b46a6260;  1 drivers
L_000001b9b46a7438 .functor BUFT 1, C4<00>, C4<0>, C4<0>, C4<0>;
v000001b9b46a6b20_0 .net "remain_in", 1 0, L_000001b9b46a7438;  1 drivers
v000001b9b46a6760_0 .var "remain_out", 1 0;
E_000001b9b4641af0 .event anyedge, v000001b9b46a6b20_0, v000001b9b46a6da0_0;
    .scope S_000001b9b45fdf60;
T_0 ;
    %wait E_000001b9b46418b0;
    %load/vec4 v000001b9b463db10_0;
    %load/vec4 v000001b9b463d390_0;
    %concat/vec4; draw_concat_vec4
    %dup/vec4;
    %pushi/vec4 0, 0, 3;
    %cmp/u;
    %jmp/1 T_0.0, 6;
    %dup/vec4;
    %pushi/vec4 3, 0, 3;
    %cmp/u;
    %jmp/1 T_0.1, 6;
    %dup/vec4;
    %pushi/vec4 6, 0, 3;
    %cmp/u;
    %jmp/1 T_0.2, 6;
    %dup/vec4;
    %pushi/vec4 1, 0, 3;
    %cmp/u;
    %jmp/1 T_0.3, 6;
    %dup/vec4;
    %pushi/vec4 4, 0, 3;
    %cmp/u;
    %jmp/1 T_0.4, 6;
    %dup/vec4;
    %pushi/vec4 7, 0, 3;
    %cmp/u;
    %jmp/1 T_0.5, 6;
    %dup/vec4;
    %pushi/vec4 2, 0, 3;
    %cmp/u;
    %jmp/1 T_0.6, 6;
    %dup/vec4;
    %pushi/vec4 5, 0, 3;
    %cmp/u;
    %jmp/1 T_0.7, 6;
    %jmp T_0.8;
T_0.0 ;
    %pushi/vec4 0, 0, 2;
    %assign/vec4 v000001b9b463ce90_0, 0;
    %jmp T_0.8;
T_0.1 ;
    %pushi/vec4 0, 0, 2;
    %assign/vec4 v000001b9b463ce90_0, 0;
    %jmp T_0.8;
T_0.2 ;
    %pushi/vec4 0, 0, 2;
    %assign/vec4 v000001b9b463ce90_0, 0;
    %jmp T_0.8;
T_0.3 ;
    %pushi/vec4 1, 0, 2;
    %assign/vec4 v000001b9b463ce90_0, 0;
    %jmp T_0.8;
T_0.4 ;
    %pushi/vec4 1, 0, 2;
    %assign/vec4 v000001b9b463ce90_0, 0;
    %jmp T_0.8;
T_0.5 ;
    %pushi/vec4 1, 0, 2;
    %assign/vec4 v000001b9b463ce90_0, 0;
    %jmp T_0.8;
T_0.6 ;
    %pushi/vec4 2, 0, 2;
    %assign/vec4 v000001b9b463ce90_0, 0;
    %jmp T_0.8;
T_0.7 ;
    %pushi/vec4 2, 0, 2;
    %assign/vec4 v000001b9b463ce90_0, 0;
    %jmp T_0.8;
T_0.8 ;
    %pop/vec4 1;
    %jmp T_0;
    .thread T_0, $push;
    .scope S_000001b9b45fe0f0;
T_1 ;
    %wait E_000001b9b4640f30;
    %load/vec4 v000001b9b463d070_0;
    %load/vec4 v000001b9b463cfd0_0;
    %concat/vec4; draw_concat_vec4
    %dup/vec4;
    %pushi/vec4 0, 0, 3;
    %cmp/u;
    %jmp/1 T_1.0, 6;
    %dup/vec4;
    %pushi/vec4 3, 0, 3;
    %cmp/u;
    %jmp/1 T_1.1, 6;
    %dup/vec4;
    %pushi/vec4 6, 0, 3;
    %cmp/u;
    %jmp/1 T_1.2, 6;
    %dup/vec4;
    %pushi/vec4 1, 0, 3;
    %cmp/u;
    %jmp/1 T_1.3, 6;
    %dup/vec4;
    %pushi/vec4 4, 0, 3;
    %cmp/u;
    %jmp/1 T_1.4, 6;
    %dup/vec4;
    %pushi/vec4 7, 0, 3;
    %cmp/u;
    %jmp/1 T_1.5, 6;
    %dup/vec4;
    %pushi/vec4 2, 0, 3;
    %cmp/u;
    %jmp/1 T_1.6, 6;
    %dup/vec4;
    %pushi/vec4 5, 0, 3;
    %cmp/u;
    %jmp/1 T_1.7, 6;
    %jmp T_1.8;
T_1.0 ;
    %pushi/vec4 0, 0, 2;
    %assign/vec4 v000001b9b46a5c20_0, 0;
    %jmp T_1.8;
T_1.1 ;
    %pushi/vec4 0, 0, 2;
    %assign/vec4 v000001b9b46a5c20_0, 0;
    %jmp T_1.8;
T_1.2 ;
    %pushi/vec4 0, 0, 2;
    %assign/vec4 v000001b9b46a5c20_0, 0;
    %jmp T_1.8;
T_1.3 ;
    %pushi/vec4 1, 0, 2;
    %assign/vec4 v000001b9b46a5c20_0, 0;
    %jmp T_1.8;
T_1.4 ;
    %pushi/vec4 1, 0, 2;
    %assign/vec4 v000001b9b46a5c20_0, 0;
    %jmp T_1.8;
T_1.5 ;
    %pushi/vec4 1, 0, 2;
    %assign/vec4 v000001b9b46a5c20_0, 0;
    %jmp T_1.8;
T_1.6 ;
    %pushi/vec4 2, 0, 2;
    %assign/vec4 v000001b9b46a5c20_0, 0;
    %jmp T_1.8;
T_1.7 ;
    %pushi/vec4 2, 0, 2;
    %assign/vec4 v000001b9b46a5c20_0, 0;
    %jmp T_1.8;
T_1.8 ;
    %pop/vec4 1;
    %jmp T_1;
    .thread T_1, $push;
    .scope S_000001b9b45fe280;
T_2 ;
    %wait E_000001b9b4641a30;
    %load/vec4 v000001b9b46a63a0_0;
    %load/vec4 v000001b9b46a57c0_0;
    %concat/vec4; draw_concat_vec4
    %dup/vec4;
    %pushi/vec4 0, 0, 3;
    %cmp/u;
    %jmp/1 T_2.0, 6;
    %dup/vec4;
    %pushi/vec4 3, 0, 3;
    %cmp/u;
    %jmp/1 T_2.1, 6;
    %dup/vec4;
    %pushi/vec4 6, 0, 3;
    %cmp/u;
    %jmp/1 T_2.2, 6;
    %dup/vec4;
    %pushi/vec4 1, 0, 3;
    %cmp/u;
    %jmp/1 T_2.3, 6;
    %dup/vec4;
    %pushi/vec4 4, 0, 3;
    %cmp/u;
    %jmp/1 T_2.4, 6;
    %dup/vec4;
    %pushi/vec4 7, 0, 3;
    %cmp/u;
    %jmp/1 T_2.5, 6;
    %dup/vec4;
    %pushi/vec4 2, 0, 3;
    %cmp/u;
    %jmp/1 T_2.6, 6;
    %dup/vec4;
    %pushi/vec4 5, 0, 3;
    %cmp/u;
    %jmp/1 T_2.7, 6;
    %jmp T_2.8;
T_2.0 ;
    %pushi/vec4 0, 0, 2;
    %assign/vec4 v000001b9b46a5860_0, 0;
    %jmp T_2.8;
T_2.1 ;
    %pushi/vec4 0, 0, 2;
    %assign/vec4 v000001b9b46a5860_0, 0;
    %jmp T_2.8;
T_2.2 ;
    %pushi/vec4 0, 0, 2;
    %assign/vec4 v000001b9b46a5860_0, 0;
    %jmp T_2.8;
T_2.3 ;
    %pushi/vec4 1, 0, 2;
    %assign/vec4 v000001b9b46a5860_0, 0;
    %jmp T_2.8;
T_2.4 ;
    %pushi/vec4 1, 0, 2;
    %assign/vec4 v000001b9b46a5860_0, 0;
    %jmp T_2.8;
T_2.5 ;
    %pushi/vec4 1, 0, 2;
    %assign/vec4 v000001b9b46a5860_0, 0;
    %jmp T_2.8;
T_2.6 ;
    %pushi/vec4 2, 0, 2;
    %assign/vec4 v000001b9b46a5860_0, 0;
    %jmp T_2.8;
T_2.7 ;
    %pushi/vec4 2, 0, 2;
    %assign/vec4 v000001b9b46a5860_0, 0;
    %jmp T_2.8;
T_2.8 ;
    %pop/vec4 1;
    %jmp T_2;
    .thread T_2, $push;
    .scope S_000001b9b45f6600;
T_3 ;
    %wait E_000001b9b46416f0;
    %load/vec4 v000001b9b46a5ea0_0;
    %load/vec4 v000001b9b46a68a0_0;
    %concat/vec4; draw_concat_vec4
    %dup/vec4;
    %pushi/vec4 0, 0, 3;
    %cmp/u;
    %jmp/1 T_3.0, 6;
    %dup/vec4;
    %pushi/vec4 3, 0, 3;
    %cmp/u;
    %jmp/1 T_3.1, 6;
    %dup/vec4;
    %pushi/vec4 6, 0, 3;
    %cmp/u;
    %jmp/1 T_3.2, 6;
    %dup/vec4;
    %pushi/vec4 1, 0, 3;
    %cmp/u;
    %jmp/1 T_3.3, 6;
    %dup/vec4;
    %pushi/vec4 4, 0, 3;
    %cmp/u;
    %jmp/1 T_3.4, 6;
    %dup/vec4;
    %pushi/vec4 7, 0, 3;
    %cmp/u;
    %jmp/1 T_3.5, 6;
    %dup/vec4;
    %pushi/vec4 2, 0, 3;
    %cmp/u;
    %jmp/1 T_3.6, 6;
    %dup/vec4;
    %pushi/vec4 5, 0, 3;
    %cmp/u;
    %jmp/1 T_3.7, 6;
    %jmp T_3.8;
T_3.0 ;
    %pushi/vec4 0, 0, 2;
    %assign/vec4 v000001b9b46a55e0_0, 0;
    %jmp T_3.8;
T_3.1 ;
    %pushi/vec4 0, 0, 2;
    %assign/vec4 v000001b9b46a55e0_0, 0;
    %jmp T_3.8;
T_3.2 ;
    %pushi/vec4 0, 0, 2;
    %assign/vec4 v000001b9b46a55e0_0, 0;
    %jmp T_3.8;
T_3.3 ;
    %pushi/vec4 1, 0, 2;
    %assign/vec4 v000001b9b46a55e0_0, 0;
    %jmp T_3.8;
T_3.4 ;
    %pushi/vec4 1, 0, 2;
    %assign/vec4 v000001b9b46a55e0_0, 0;
    %jmp T_3.8;
T_3.5 ;
    %pushi/vec4 1, 0, 2;
    %assign/vec4 v000001b9b46a55e0_0, 0;
    %jmp T_3.8;
T_3.6 ;
    %pushi/vec4 2, 0, 2;
    %assign/vec4 v000001b9b46a55e0_0, 0;
    %jmp T_3.8;
T_3.7 ;
    %pushi/vec4 2, 0, 2;
    %assign/vec4 v000001b9b46a55e0_0, 0;
    %jmp T_3.8;
T_3.8 ;
    %pop/vec4 1;
    %jmp T_3;
    .thread T_3, $push;
    .scope S_000001b9b45f6790;
T_4 ;
    %wait E_000001b9b4641cf0;
    %load/vec4 v000001b9b46a6d00_0;
    %load/vec4 v000001b9b46a5540_0;
    %concat/vec4; draw_concat_vec4
    %dup/vec4;
    %pushi/vec4 0, 0, 3;
    %cmp/u;
    %jmp/1 T_4.0, 6;
    %dup/vec4;
    %pushi/vec4 3, 0, 3;
    %cmp/u;
    %jmp/1 T_4.1, 6;
    %dup/vec4;
    %pushi/vec4 6, 0, 3;
    %cmp/u;
    %jmp/1 T_4.2, 6;
    %dup/vec4;
    %pushi/vec4 1, 0, 3;
    %cmp/u;
    %jmp/1 T_4.3, 6;
    %dup/vec4;
    %pushi/vec4 4, 0, 3;
    %cmp/u;
    %jmp/1 T_4.4, 6;
    %dup/vec4;
    %pushi/vec4 7, 0, 3;
    %cmp/u;
    %jmp/1 T_4.5, 6;
    %dup/vec4;
    %pushi/vec4 2, 0, 3;
    %cmp/u;
    %jmp/1 T_4.6, 6;
    %dup/vec4;
    %pushi/vec4 5, 0, 3;
    %cmp/u;
    %jmp/1 T_4.7, 6;
    %jmp T_4.8;
T_4.0 ;
    %pushi/vec4 0, 0, 2;
    %assign/vec4 v000001b9b46a5900_0, 0;
    %jmp T_4.8;
T_4.1 ;
    %pushi/vec4 0, 0, 2;
    %assign/vec4 v000001b9b46a5900_0, 0;
    %jmp T_4.8;
T_4.2 ;
    %pushi/vec4 0, 0, 2;
    %assign/vec4 v000001b9b46a5900_0, 0;
    %jmp T_4.8;
T_4.3 ;
    %pushi/vec4 1, 0, 2;
    %assign/vec4 v000001b9b46a5900_0, 0;
    %jmp T_4.8;
T_4.4 ;
    %pushi/vec4 1, 0, 2;
    %assign/vec4 v000001b9b46a5900_0, 0;
    %jmp T_4.8;
T_4.5 ;
    %pushi/vec4 1, 0, 2;
    %assign/vec4 v000001b9b46a5900_0, 0;
    %jmp T_4.8;
T_4.6 ;
    %pushi/vec4 2, 0, 2;
    %assign/vec4 v000001b9b46a5900_0, 0;
    %jmp T_4.8;
T_4.7 ;
    %pushi/vec4 2, 0, 2;
    %assign/vec4 v000001b9b46a5900_0, 0;
    %jmp T_4.8;
T_4.8 ;
    %pop/vec4 1;
    %jmp T_4;
    .thread T_4, $push;
    .scope S_000001b9b45f6920;
T_5 ;
    %wait E_000001b9b4641730;
    %load/vec4 v000001b9b46a59a0_0;
    %load/vec4 v000001b9b46a6080_0;
    %concat/vec4; draw_concat_vec4
    %dup/vec4;
    %pushi/vec4 0, 0, 3;
    %cmp/u;
    %jmp/1 T_5.0, 6;
    %dup/vec4;
    %pushi/vec4 3, 0, 3;
    %cmp/u;
    %jmp/1 T_5.1, 6;
    %dup/vec4;
    %pushi/vec4 6, 0, 3;
    %cmp/u;
    %jmp/1 T_5.2, 6;
    %dup/vec4;
    %pushi/vec4 1, 0, 3;
    %cmp/u;
    %jmp/1 T_5.3, 6;
    %dup/vec4;
    %pushi/vec4 4, 0, 3;
    %cmp/u;
    %jmp/1 T_5.4, 6;
    %dup/vec4;
    %pushi/vec4 7, 0, 3;
    %cmp/u;
    %jmp/1 T_5.5, 6;
    %dup/vec4;
    %pushi/vec4 2, 0, 3;
    %cmp/u;
    %jmp/1 T_5.6, 6;
    %dup/vec4;
    %pushi/vec4 5, 0, 3;
    %cmp/u;
    %jmp/1 T_5.7, 6;
    %jmp T_5.8;
T_5.0 ;
    %pushi/vec4 0, 0, 2;
    %assign/vec4 v000001b9b46a5f40_0, 0;
    %jmp T_5.8;
T_5.1 ;
    %pushi/vec4 0, 0, 2;
    %assign/vec4 v000001b9b46a5f40_0, 0;
    %jmp T_5.8;
T_5.2 ;
    %pushi/vec4 0, 0, 2;
    %assign/vec4 v000001b9b46a5f40_0, 0;
    %jmp T_5.8;
T_5.3 ;
    %pushi/vec4 1, 0, 2;
    %assign/vec4 v000001b9b46a5f40_0, 0;
    %jmp T_5.8;
T_5.4 ;
    %pushi/vec4 1, 0, 2;
    %assign/vec4 v000001b9b46a5f40_0, 0;
    %jmp T_5.8;
T_5.5 ;
    %pushi/vec4 1, 0, 2;
    %assign/vec4 v000001b9b46a5f40_0, 0;
    %jmp T_5.8;
T_5.6 ;
    %pushi/vec4 2, 0, 2;
    %assign/vec4 v000001b9b46a5f40_0, 0;
    %jmp T_5.8;
T_5.7 ;
    %pushi/vec4 2, 0, 2;
    %assign/vec4 v000001b9b46a5f40_0, 0;
    %jmp T_5.8;
T_5.8 ;
    %pop/vec4 1;
    %jmp T_5;
    .thread T_5, $push;
    .scope S_000001b9b46a7000;
T_6 ;
    %wait E_000001b9b4641770;
    %load/vec4 v000001b9b46a5720_0;
    %load/vec4 v000001b9b46a6620_0;
    %concat/vec4; draw_concat_vec4
    %dup/vec4;
    %pushi/vec4 0, 0, 3;
    %cmp/u;
    %jmp/1 T_6.0, 6;
    %dup/vec4;
    %pushi/vec4 3, 0, 3;
    %cmp/u;
    %jmp/1 T_6.1, 6;
    %dup/vec4;
    %pushi/vec4 6, 0, 3;
    %cmp/u;
    %jmp/1 T_6.2, 6;
    %dup/vec4;
    %pushi/vec4 1, 0, 3;
    %cmp/u;
    %jmp/1 T_6.3, 6;
    %dup/vec4;
    %pushi/vec4 4, 0, 3;
    %cmp/u;
    %jmp/1 T_6.4, 6;
    %dup/vec4;
    %pushi/vec4 7, 0, 3;
    %cmp/u;
    %jmp/1 T_6.5, 6;
    %dup/vec4;
    %pushi/vec4 2, 0, 3;
    %cmp/u;
    %jmp/1 T_6.6, 6;
    %dup/vec4;
    %pushi/vec4 5, 0, 3;
    %cmp/u;
    %jmp/1 T_6.7, 6;
    %jmp T_6.8;
T_6.0 ;
    %pushi/vec4 0, 0, 2;
    %assign/vec4 v000001b9b46a66c0_0, 0;
    %jmp T_6.8;
T_6.1 ;
    %pushi/vec4 0, 0, 2;
    %assign/vec4 v000001b9b46a66c0_0, 0;
    %jmp T_6.8;
T_6.2 ;
    %pushi/vec4 0, 0, 2;
    %assign/vec4 v000001b9b46a66c0_0, 0;
    %jmp T_6.8;
T_6.3 ;
    %pushi/vec4 1, 0, 2;
    %assign/vec4 v000001b9b46a66c0_0, 0;
    %jmp T_6.8;
T_6.4 ;
    %pushi/vec4 1, 0, 2;
    %assign/vec4 v000001b9b46a66c0_0, 0;
    %jmp T_6.8;
T_6.5 ;
    %pushi/vec4 1, 0, 2;
    %assign/vec4 v000001b9b46a66c0_0, 0;
    %jmp T_6.8;
T_6.6 ;
    %pushi/vec4 2, 0, 2;
    %assign/vec4 v000001b9b46a66c0_0, 0;
    %jmp T_6.8;
T_6.7 ;
    %pushi/vec4 2, 0, 2;
    %assign/vec4 v000001b9b46a66c0_0, 0;
    %jmp T_6.8;
T_6.8 ;
    %pop/vec4 1;
    %jmp T_6;
    .thread T_6, $push;
    .scope S_000001b9b46a7190;
T_7 ;
    %wait E_000001b9b4641af0;
    %load/vec4 v000001b9b46a6b20_0;
    %load/vec4 v000001b9b46a6da0_0;
    %concat/vec4; draw_concat_vec4
    %dup/vec4;
    %pushi/vec4 0, 0, 3;
    %cmp/u;
    %jmp/1 T_7.0, 6;
    %dup/vec4;
    %pushi/vec4 3, 0, 3;
    %cmp/u;
    %jmp/1 T_7.1, 6;
    %dup/vec4;
    %pushi/vec4 6, 0, 3;
    %cmp/u;
    %jmp/1 T_7.2, 6;
    %dup/vec4;
    %pushi/vec4 1, 0, 3;
    %cmp/u;
    %jmp/1 T_7.3, 6;
    %dup/vec4;
    %pushi/vec4 4, 0, 3;
    %cmp/u;
    %jmp/1 T_7.4, 6;
    %dup/vec4;
    %pushi/vec4 7, 0, 3;
    %cmp/u;
    %jmp/1 T_7.5, 6;
    %dup/vec4;
    %pushi/vec4 2, 0, 3;
    %cmp/u;
    %jmp/1 T_7.6, 6;
    %dup/vec4;
    %pushi/vec4 5, 0, 3;
    %cmp/u;
    %jmp/1 T_7.7, 6;
    %jmp T_7.8;
T_7.0 ;
    %pushi/vec4 0, 0, 2;
    %assign/vec4 v000001b9b46a6760_0, 0;
    %jmp T_7.8;
T_7.1 ;
    %pushi/vec4 0, 0, 2;
    %assign/vec4 v000001b9b46a6760_0, 0;
    %jmp T_7.8;
T_7.2 ;
    %pushi/vec4 0, 0, 2;
    %assign/vec4 v000001b9b46a6760_0, 0;
    %jmp T_7.8;
T_7.3 ;
    %pushi/vec4 1, 0, 2;
    %assign/vec4 v000001b9b46a6760_0, 0;
    %jmp T_7.8;
T_7.4 ;
    %pushi/vec4 1, 0, 2;
    %assign/vec4 v000001b9b46a6760_0, 0;
    %jmp T_7.8;
T_7.5 ;
    %pushi/vec4 1, 0, 2;
    %assign/vec4 v000001b9b46a6760_0, 0;
    %jmp T_7.8;
T_7.6 ;
    %pushi/vec4 2, 0, 2;
    %assign/vec4 v000001b9b46a6760_0, 0;
    %jmp T_7.8;
T_7.7 ;
    %pushi/vec4 2, 0, 2;
    %assign/vec4 v000001b9b46a6760_0, 0;
    %jmp T_7.8;
T_7.8 ;
    %pop/vec4 1;
    %jmp T_7;
    .thread T_7, $push;
    .scope S_000001b9b464e7f0;
T_8 ;
    %pushi/vec4 0, 0, 8;
    %store/vec4 v000001b9b46a5680_0, 0, 8;
    %pushi/vec4 256, 0, 32;
T_8.0 %dup/vec4;
    %pushi/vec4 0, 0, 32;
    %cmp/s;
    %jmp/1xz T_8.1, 5;
    %jmp/1 T_8.1, 4;
    %pushi/vec4 1, 0, 32;
    %sub;
    %delay 10000, 0;
    %vpi_call 2 13 "$display", "in: %d  out: %d", v000001b9b46a5680_0, v000001b9b46a5a40_0 {0 0 0};
    %load/vec4 v000001b9b46a5680_0;
    %addi 1, 0, 8;
    %store/vec4 v000001b9b46a5680_0, 0, 8;
    %jmp T_8.0;
T_8.1 ;
    %pop/vec4 1;
    %end;
    .thread T_8;
# The file index is used to find the file name in the following table.
:file_names 4;
    "N/A";
    "<interactive>";
    "Mul3_8bits_tb.v";
    "Mul3_8bits.v";
